<?xml version="1.0" encoding="UTF-8"?>
<testsuite name="WordTest" tests="1" skipped="0" failures="0" errors="0" timestamp="2015-08-21T17:02:24" hostname="me-PC" time="0.0">
  <properties/>
  <testcase name="word_initializesCorrectly_true" classname="WordTest" time="0.0"/>
  <system-out><![CDATA[]]></system-out>
  <system-err><![CDATA[]]></system-err>
</testsuite>
